-------------------------------------------------------------------------------
Test set: TestSuite
-------------------------------------------------------------------------------
Tests run: 2, Failures: 1, Errors: 0, Skipped: 0, Time elapsed: 19.149 s <<< FAILURE! - in TestSuite
ai.iamneo.testing.Testing_Selenium_TestNg.AppTest.TestCase_2  Time elapsed: 7.394 s  <<< FAILURE!
org.openqa.selenium.WebDriverException: 
disconnected: Unable to receive message from renderer
  (failed to check if window was closed: disconnected: not connected to DevTools)
  (Session info: chrome=114.0.5735.133)
Build info: version: '4.1.0', revision: '87802e897b'
System info: host: 'bcebddbcbfbeaeecbccfaabacdbefbaaebdcffff-0', ip: '10.80.5.18', os.name: 'Linux', os.arch: 'amd64', os.version: '5.15.107+', java.version: '11.0.18'
Driver info: org.openqa.selenium.remote.RemoteWebDriver
Command: [b9d8c08a8b687d75826d1a98f0247c73, getTitle {}]
Capabilities {acceptInsecureCerts: false, browserName: chrome, browserVersion: 114.0.5735.133, chrome: {chromedriverVersion: 114.0.5735.90 (386bc09e8f4f..., userDataDir: /tmp/.com.google.Chrome.qAA0G9}, goog:chromeOptions: {debuggerAddress: localhost:40271}, javascriptEnabled: true, networkConnectionEnabled: false, pageLoadStrategy: normal, platform: LINUX, platformName: LINUX, proxy: Proxy(), se:bidiEnabled: false, se:cdp: ws://10.80.5.18:4444/sessio..., se:cdpVersion: 114.0.5735.133, se:vnc: ws://10.80.5.18:4444/sessio..., se:vncEnabled: true, se:vncLocalAddress: ws://10.80.5.18:7900, setWindowRect: true, strictFileInteractability: false, timeouts: {implicit: 0, pageLoad: 300000, script: 30000}, unhandledPromptBehavior: dismiss and notify, webauthn:extension:credBlob: true, webauthn:extension:largeBlob: true, webauthn:extension:minPinLength: true, webauthn:extension:prf: true, webauthn:virtualAuthenticators: true}
Session ID: b9d8c08a8b687d75826d1a98f0247c73
	at ai.iamneo.testing.Testing_Selenium_TestNg.AppTest.TestCase_2(AppTest.java:35)

