<?xml version="1.0" encoding="UTF-8"?>
<!-- Generated by org.testng.reporters.JUnitXMLReporter -->
<testsuite ignored="0" hostname="bcebddbcbfbeaeecbccfaabacdbefbaaebdcffff-0" failures="1" tests="2" name="Test" time="14.654" errors="0" timestamp="2023-08-24T13:47:52 UTC">
  <testcase classname="ai.iamneo.testing.Testing_Selenium_TestNg.AppTest" name="testcase_1" time="7.551"/>
  <testcase classname="ai.iamneo.testing.Testing_Selenium_TestNg.AppTest" name="testcase_2" time="5.26">
    <failure type="org.openqa.selenium.WebDriverException" message="unknown error: session deleted because of page crash
from unknown error: cannot determine loading status
from tab crashed
  (Session info: chrome=114.0.5735.133)
Build info: version: &amp;apos;4.1.0&amp;apos;, revision: &amp;apos;87802e897b&amp;apos;
System info: host: &amp;apos;bcebddbcbfbeaeecbccfaabacdbefbaaebdcffff-0&amp;apos;, ip: &amp;apos;10.80.3.85&amp;apos;, os.name: &amp;apos;Linux&amp;apos;, os.arch: &amp;apos;amd64&amp;apos;, os.version: &amp;apos;5.15.107+&amp;apos;, java.version: &amp;apos;11.0.18&amp;apos;
Driver info: org.openqa.selenium.remote.RemoteWebDriver
Command: [23fa0b1fe75e83bfac307dc6ae97fe55, getElementAttribute {id=E3B3C99423DBEBA1225E71A4E051CFED_element_154, name=href}]
Capabilities {acceptInsecureCerts: false, browserName: chrome, browserVersion: 114.0.5735.133, chrome: {chromedriverVersion: 114.0.5735.90 (386bc09e8f4f..., userDataDir: /tmp/.com.google.Chrome.QmYZpT}, goog:chromeOptions: {debuggerAddress: localhost:34623}, javascriptEnabled: true, networkConnectionEnabled: false, pageLoadStrategy: normal, platform: LINUX, platformName: LINUX, proxy: Proxy(), se:bidiEnabled: false, se:cdp: ws://10.80.3.85:4444/sessio..., se:cdpVersion: 114.0.5735.133, se:vnc: ws://10.80.3.85:4444/sessio..., se:vncEnabled: true, se:vncLocalAddress: ws://10.80.3.85:7900, setWindowRect: true, strictFileInteractability: false, timeouts: {implicit: 0, pageLoad: 300000, script: 30000}, unhandledPromptBehavior: dismiss and notify, webauthn:extension:credBlob: true, webauthn:extension:largeBlob: true, webauthn:extension:minPinLength: true, webauthn:extension:prf: true, webauthn:virtualAuthenticators: true}
Element: [[RemoteWebDriver: chrome on LINUX (23fa0b1fe75e83bfac307dc6ae97fe55)] -&amp;gt; tag name: a]
Session ID: 23fa0b1fe75e83bfac307dc6ae97fe55">
      <![CDATA[org.openqa.selenium.WebDriverException: unknown error: session deleted because of page crash
from unknown error: cannot determine loading status
from tab crashed
  (Session info: chrome=114.0.5735.133)
Build info: version: '4.1.0', revision: '87802e897b'
System info: host: 'bcebddbcbfbeaeecbccfaabacdbefbaaebdcffff-0', ip: '10.80.3.85', os.name: 'Linux', os.arch: 'amd64', os.version: '5.15.107+', java.version: '11.0.18'
Driver info: org.openqa.selenium.remote.RemoteWebDriver
Command: [23fa0b1fe75e83bfac307dc6ae97fe55, getElementAttribute {id=E3B3C99423DBEBA1225E71A4E051CFED_element_154, name=href}]
Capabilities {acceptInsecureCerts: false, browserName: chrome, browserVersion: 114.0.5735.133, chrome: {chromedriverVersion: 114.0.5735.90 (386bc09e8f4f..., userDataDir: /tmp/.com.google.Chrome.QmYZpT}, goog:chromeOptions: {debuggerAddress: localhost:34623}, javascriptEnabled: true, networkConnectionEnabled: false, pageLoadStrategy: normal, platform: LINUX, platformName: LINUX, proxy: Proxy(), se:bidiEnabled: false, se:cdp: ws://10.80.3.85:4444/sessio..., se:cdpVersion: 114.0.5735.133, se:vnc: ws://10.80.3.85:4444/sessio..., se:vncEnabled: true, se:vncLocalAddress: ws://10.80.3.85:7900, setWindowRect: true, strictFileInteractability: false, timeouts: {implicit: 0, pageLoad: 300000, script: 30000}, unhandledPromptBehavior: dismiss and notify, webauthn:extension:credBlob: true, webauthn:extension:largeBlob: true, webauthn:extension:minPinLength: true, webauthn:extension:prf: true, webauthn:virtualAuthenticators: true}
Element: [[RemoteWebDriver: chrome on LINUX (23fa0b1fe75e83bfac307dc6ae97fe55)] -> tag name: a]
Session ID: 23fa0b1fe75e83bfac307dc6ae97fe55
at org.openqa.selenium.remote.codec.w3c.W3CHttpResponseCodec.createException(W3CHttpResponseCodec.java:200)
at org.openqa.selenium.remote.codec.w3c.W3CHttpResponseCodec.decode(W3CHttpResponseCodec.java:133)
at org.openqa.selenium.remote.codec.w3c.W3CHttpResponseCodec.decode(W3CHttpResponseCodec.java:53)
at org.openqa.selenium.remote.HttpCommandExecutor.execute(HttpCommandExecutor.java:184)
at org.openqa.selenium.remote.TracedCommandExecutor.execute(TracedCommandExecutor.java:50)
at org.openqa.selenium.remote.RemoteWebDriver.execute(RemoteWebDriver.java:559)
at org.openqa.selenium.remote.RemoteWebElement.execute(RemoteWebElement.java:251)
at org.openqa.selenium.remote.RemoteWebElement.getAttribute(RemoteWebElement.java:152)
at ai.iamneo.testing.Testing_Selenium_TestNg.AppTest.testcase_2(AppTest.java:37)
at java.base/java.util.ArrayList.forEach(ArrayList.java:1541)
... Removed 35 stack frames]]>
    </failure>
  </testcase> <!-- testcase_2 -->
</testsuite> <!-- Test -->
