<?xml version="1.0" encoding="UTF-8"?>
<!-- Generated by org.testng.reporters.JUnitXMLReporter -->
<testsuite ignored="0" hostname="bcebddbcbfbeaeecbccfaabacdbefbaaebdcffff-0" failures="0" tests="2" name="Test" time="55.199" errors="0" timestamp="2023-08-25T05:36:54 UTC">
  <testcase classname="ai.iamneo.testing.Testing_Selenium_TestNg.AppTest" name="testcase_1" time="6.715"/>
  <testcase classname="ai.iamneo.testing.Testing_Selenium_TestNg.AppTest" name="testcase_2" time="42.289"/>
</testsuite> <!-- Test -->
